<?xml version="1.0" encoding="UTF-8"?>
<robot generator="Robot 5.0 (Python 3.10.4 on win32)" generated="20220519 15:51:52.182" rpa="false" schemaversion="3">
<suite id="s1" name="BI DB Validation" source="c:\Users\Sumam.Selvin\OneDrive - EY\Documents\Automation\Power_BI_Validation\Test\Scripts\BI_DB_Validation.robot">
<test id="s1-t1" name="Top 3 iOS Devices" line="17">
<kw name="Open URL" library="web">
<arg>https://app.powerbi.com/groups/me/reports/414cd51e-932c-4d76-855d-d1af415bea10/ReportSectionfe07d9e3c3e6aa7b9e98?ctid=5b973f99-77df-4beb-b27d-aa0c70b8482c</arg>
<arg>Top 3 iOS Devices</arg>
<doc>This test case is to locate the chart element</doc>
<kw name="Convert To String" library="BuiltIn">
<var>${Chart_Element}</var>
<arg>${Chart_Element}</arg>
<doc>Converts the given item to a Unicode string.</doc>
<msg timestamp="20220519 15:51:57.514" level="INFO">${Chart_Element} = Top 3 iOS Devices</msg>
<status status="PASS" starttime="20220519 15:51:57.514" endtime="20220519 15:51:57.514"/>
</kw>
<kw name="Catenate" library="BuiltIn">
<var>${BI_File_Name}</var>
<arg>${Chart_Element}.xlsx</arg>
<doc>Catenates the given items together and returns the resulted string.</doc>
<msg timestamp="20220519 15:51:57.514" level="INFO">${BI_File_Name} = Top 3 iOS Devices.xlsx</msg>
<status status="PASS" starttime="20220519 15:51:57.514" endtime="20220519 15:51:57.514"/>
</kw>
<kw name="Log To Console" library="BuiltIn">
<arg>${BI_File_Name}</arg>
<doc>Logs the given message to the console.</doc>
<status status="PASS" starttime="20220519 15:51:57.515" endtime="20220519 15:51:57.515"/>
</kw>
<kw name="Catenate" library="BuiltIn">
<var>${File_Path}</var>
<arg>${Download_Path}\\${BI_File_Name}</arg>
<doc>Catenates the given items together and returns the resulted string.</doc>
<msg timestamp="20220519 15:51:57.516" level="INFO">${File_Path} = C:\Users\Sumam.Selvin\Downloads\Top 3 iOS Devices.xlsx</msg>
<status status="PASS" starttime="20220519 15:51:57.516" endtime="20220519 15:51:57.516"/>
</kw>
<kw name="Count Files In Directory" library="OperatingSystem">
<var>${Cnt_File_Bkup}</var>
<arg>${Download_Path}\\Backup</arg>
<arg>${BI_File_Name}</arg>
<doc>Wrapper for `Count Items In Directory` returning only file count.</doc>
<msg timestamp="20220519 15:51:57.517" level="INFO" html="true">Listing contents of directory '&lt;a href="file://C:\Users\Sumam.Selvin\Downloads\Backup"&gt;C:\Users\Sumam.Selvin\Downloads\Backup&lt;/a&gt;'.</msg>
<msg timestamp="20220519 15:51:57.521" level="INFO">1 file.</msg>
<msg timestamp="20220519 15:51:57.521" level="INFO">${Cnt_File_Bkup} = 1</msg>
<status status="PASS" starttime="20220519 15:51:57.517" endtime="20220519 15:51:57.521"/>
</kw>
<kw name="Sleep" library="BuiltIn">
<arg>2s</arg>
<doc>Pauses the test executed for the given time.</doc>
<msg timestamp="20220519 15:51:59.535" level="INFO">Slept 2 seconds</msg>
<status status="PASS" starttime="20220519 15:51:57.522" endtime="20220519 15:51:59.535"/>
</kw>
<kw name="Log To Console" library="BuiltIn">
<arg>${Cnt_File_Bkup}</arg>
<doc>Logs the given message to the console.</doc>
<status status="PASS" starttime="20220519 15:51:59.535" endtime="20220519 15:51:59.536"/>
</kw>
<kw name="Run Keyword If" library="BuiltIn">
<arg>${Cnt_File_Bkup} == 1</arg>
<arg>remove file</arg>
<arg>${Download_Path}\\Backup\\${BI_File_Name}</arg>
<doc>Runs the given keyword with the given arguments, if ``condition`` is true.</doc>
<kw name="Remove File" library="OperatingSystem">
<arg>${Download_Path}\\Backup\\${BI_File_Name}</arg>
<doc>Removes a file with the given path.</doc>
<msg timestamp="20220519 15:51:59.540" level="INFO" html="true">Removed file '&lt;a href="file://C:\Users\Sumam.Selvin\Downloads\Backup\Top 3 iOS Devices.xlsx"&gt;C:\Users\Sumam.Selvin\Downloads\Backup\Top 3 iOS Devices.xlsx&lt;/a&gt;'.</msg>
<status status="PASS" starttime="20220519 15:51:59.537" endtime="20220519 15:51:59.540"/>
</kw>
<status status="PASS" starttime="20220519 15:51:59.536" endtime="20220519 15:51:59.540"/>
</kw>
<kw name="Sleep" library="BuiltIn">
<arg>2s</arg>
<doc>Pauses the test executed for the given time.</doc>
<msg timestamp="20220519 15:52:01.543" level="INFO">Slept 2 seconds</msg>
<status status="PASS" starttime="20220519 15:51:59.540" endtime="20220519 15:52:01.543"/>
</kw>
<kw name="Count Files In Directory" library="OperatingSystem">
<var>${File_Exist}</var>
<arg>${Download_Path}</arg>
<arg>${BI_File_Name}</arg>
<doc>Wrapper for `Count Items In Directory` returning only file count.</doc>
<msg timestamp="20220519 15:52:01.544" level="INFO" html="true">Listing contents of directory '&lt;a href="file://C:\Users\Sumam.Selvin\Downloads"&gt;C:\Users\Sumam.Selvin\Downloads&lt;/a&gt;'.</msg>
<msg timestamp="20220519 15:52:01.547" level="INFO">1 file.</msg>
<msg timestamp="20220519 15:52:01.547" level="INFO">${File_Exist} = 1</msg>
<status status="PASS" starttime="20220519 15:52:01.543" endtime="20220519 15:52:01.547"/>
</kw>
<kw name="Sleep" library="BuiltIn">
<arg>2s</arg>
<doc>Pauses the test executed for the given time.</doc>
<msg timestamp="20220519 15:52:03.558" level="INFO">Slept 2 seconds</msg>
<status status="PASS" starttime="20220519 15:52:01.548" endtime="20220519 15:52:03.558"/>
</kw>
<kw name="Run Keyword If" library="BuiltIn">
<arg>${File_Exist} == 1</arg>
<arg>move file</arg>
<arg>${File_Path}</arg>
<arg>${Download_Path}\\Backup</arg>
<arg>ELSE</arg>
<arg>no operation</arg>
<doc>Runs the given keyword with the given arguments, if ``condition`` is true.</doc>
<kw name="Move File" library="OperatingSystem">
<arg>${File_Path}</arg>
<arg>${Download_Path}\\Backup</arg>
<doc>Moves the source file into the destination.</doc>
<msg timestamp="20220519 15:52:03.568" level="INFO" html="true">Moved file from '&lt;a href="file://C:\Users\Sumam.Selvin\Downloads\Top 3 iOS Devices.xlsx"&gt;C:\Users\Sumam.Selvin\Downloads\Top 3 iOS Devices.xlsx&lt;/a&gt;' to '&lt;a href="file://C:\Users\Sumam.Selvin\Downloads\Backup\Top 3 iOS Devices.xlsx"&gt;C:\Users\Sumam.Selvin\Downloads\Backup\Top 3 iOS Devices.xlsx&lt;/a&gt;'.</msg>
<status status="PASS" starttime="20220519 15:52:03.559" endtime="20220519 15:52:03.569"/>
</kw>
<status status="PASS" starttime="20220519 15:52:03.558" endtime="20220519 15:52:03.569"/>
</kw>
<kw name="Open Browser" library="SeleniumLibrary">
<arg>${url}</arg>
<arg>edge</arg>
<doc>Opens a new browser instance to the optional ``url``.</doc>
<msg timestamp="20220519 15:52:03.569" level="INFO">Opening browser 'edge' to base url 'https://app.powerbi.com/groups/me/reports/414cd51e-932c-4d76-855d-d1af415bea10/ReportSectionfe07d9e3c3e6aa7b9e98?ctid=5b973f99-77df-4beb-b27d-aa0c70b8482c'.</msg>
<status status="PASS" starttime="20220519 15:52:03.569" endtime="20220519 15:52:09.903"/>
</kw>
<status status="PASS" starttime="20220519 15:51:57.513" endtime="20220519 15:52:09.904"/>
</kw>
<kw name="Navigate to the Chart" library="web">
<arg>Top 3 iOS Devices</arg>
<kw name="Wait Until Page Contains" library="SeleniumLibrary">
<arg>${Chart_Element}</arg>
<arg>50</arg>
<doc>Waits until ``text`` appears on the current page.</doc>
<status status="PASS" starttime="20220519 15:52:09.907" endtime="20220519 15:52:22.322"/>
</kw>
<kw name="Click Element" library="SeleniumLibrary">
<arg>//div[@title='${Chart_Element}']</arg>
<doc>Click the element identified by ``locator``.</doc>
<msg timestamp="20220519 15:52:22.325" level="INFO">Clicking element '//div[@title='Top 3 iOS Devices']'.</msg>
<status status="PASS" starttime="20220519 15:52:22.323" endtime="20220519 15:52:22.905"/>
</kw>
<status status="PASS" starttime="20220519 15:52:09.906" endtime="20220519 15:52:22.905"/>
</kw>
<kw name="Export Data from the Chart(Csv/Xl)" library="web">
<arg>XL</arg>
<kw name="Set Variable If" library="BuiltIn">
<var>${Chart_Format_Type1}</var>
<arg>'${Chart_Format_Type}' == 'XL'</arg>
<arg>.xlsx (Excel 150,000-row max)</arg>
<arg>.csv (30,000-row max)</arg>
<doc>Sets variable based on the given condition.</doc>
<msg timestamp="20220519 15:52:22.907" level="INFO">${Chart_Format_Type1} = .xlsx (Excel 150,000-row max)</msg>
<status status="PASS" starttime="20220519 15:52:22.906" endtime="20220519 15:52:22.907"/>
</kw>
<kw name="Log To Console" library="BuiltIn">
<arg>${Chart_Format_Type1}</arg>
<doc>Logs the given message to the console.</doc>
<status status="PASS" starttime="20220519 15:52:22.908" endtime="20220519 15:52:22.908"/>
</kw>
<kw name="Click Element" library="SeleniumLibrary">
<arg>//button[@aria-label='More options']</arg>
<doc>Click the element identified by ``locator``.</doc>
<msg timestamp="20220519 15:52:22.909" level="INFO">Clicking element '//button[@aria-label='More options']'.</msg>
<status status="PASS" starttime="20220519 15:52:22.909" endtime="20220519 15:52:23.796"/>
</kw>
<kw name="Click Element" library="SeleniumLibrary">
<arg>//button[@title='Export data']</arg>
<doc>Click the element identified by ``locator``.</doc>
<msg timestamp="20220519 15:52:23.797" level="INFO">Clicking element '//button[@title='Export data']'.</msg>
<status status="PASS" starttime="20220519 15:52:23.796" endtime="20220519 15:52:24.521"/>
</kw>
<kw name="Sleep" library="BuiltIn">
<arg>10s</arg>
<doc>Pauses the test executed for the given time.</doc>
<msg timestamp="20220519 15:52:34.533" level="INFO">Slept 10 seconds</msg>
<status status="PASS" starttime="20220519 15:52:24.521" endtime="20220519 15:52:34.533"/>
</kw>
<kw name="Click Element" library="SeleniumLibrary">
<arg>//button[@class="popout-button themeableElement ng-star-inserted"]</arg>
<doc>Click the element identified by ``locator``.</doc>
<msg timestamp="20220519 15:52:34.534" level="INFO">Clicking element '//button[@class="popout-button themeableElement ng-star-inserted"]'.</msg>
<status status="PASS" starttime="20220519 15:52:34.533" endtime="20220519 15:52:34.858"/>
</kw>
<kw name="Sleep" library="BuiltIn">
<arg>10s</arg>
<doc>Pauses the test executed for the given time.</doc>
<msg timestamp="20220519 15:52:44.869" level="INFO">Slept 10 seconds</msg>
<status status="PASS" starttime="20220519 15:52:34.858" endtime="20220519 15:52:44.869"/>
</kw>
<kw name="Click Element" library="SeleniumLibrary">
<arg>//span[text()=' ${Chart_Format_Type1} ']</arg>
<doc>Click the element identified by ``locator``.</doc>
<msg timestamp="20220519 15:52:44.871" level="INFO">Clicking element '//span[text()=' .xlsx (Excel 150,000-row max) ']'.</msg>
<status status="PASS" starttime="20220519 15:52:44.870" endtime="20220519 15:52:45.145"/>
</kw>
<kw name="Sleep" library="BuiltIn">
<arg>10s</arg>
<doc>Pauses the test executed for the given time.</doc>
<msg timestamp="20220519 15:52:55.174" level="INFO">Slept 10 seconds</msg>
<status status="PASS" starttime="20220519 15:52:45.145" endtime="20220519 15:52:55.174"/>
</kw>
<kw name="Get WebElement" library="SeleniumLibrary">
<var>${ele}</var>
<arg>//button[@localize="ModalDialogButtonText_Export"]</arg>
<doc>Returns the first WebElement matching the given ``locator``.</doc>
<msg timestamp="20220519 15:52:55.233" level="INFO">${ele} = &lt;selenium.webdriver.remote.webelement.WebElement (session="4b5a68893d9a35b9e87ce9034d3877aa", element="ec850354-ea0a-496a-a4c4-d3ab656b78d9")&gt;</msg>
<status status="PASS" starttime="20220519 15:52:55.174" endtime="20220519 15:52:55.233"/>
</kw>
<kw name="Execute Javascript" library="SeleniumLibrary">
<arg>arguments[0].click();</arg>
<arg>ARGUMENTS</arg>
<arg>${ele}</arg>
<doc>Executes the given JavaScript code with possible arguments.</doc>
<msg timestamp="20220519 15:52:55.234" level="INFO">Executing JavaScript:
arguments[0].click();
By using argument:
'&lt;selenium.webdriver.remote.webelement.WebElement (session="4b5a68893d9a35b9e87ce9034d3877aa", element="ec850354-ea0a-496a-a4c4-d3ab656b78d9")&gt;'</msg>
<status status="PASS" starttime="20220519 15:52:55.233" endtime="20220519 15:52:55.258"/>
</kw>
<kw name="Sleep" library="BuiltIn">
<arg>10s</arg>
<doc>Pauses the test executed for the given time.</doc>
<msg timestamp="20220519 15:53:05.263" level="INFO">Slept 10 seconds</msg>
<status status="PASS" starttime="20220519 15:52:55.258" endtime="20220519 15:53:05.263"/>
</kw>
<kw name="Close Browser" library="SeleniumLibrary">
<doc>Closes the current browser.</doc>
<status status="PASS" starttime="20220519 15:53:05.263" endtime="20220519 15:53:08.139"/>
</kw>
<status status="PASS" starttime="20220519 15:52:22.906" endtime="20220519 15:53:08.139"/>
</kw>
<kw name="Comparison PowerBI With DB" library="Validate">
<arg>select Devices, Sum_of_iOS from top_ios_device</arg>
<arg>Top 3 iOS Devices.xlsx</arg>
<msg timestamp="20220519 15:53:09.705" level="INFO">C:\Users\Sumam.Selvin\Downloads\Python_Input.txt
hostname  localhost
     Devices        Sum of % iOS
0   iPhone 8   0.172886842899513
1  iPhone XR  0.0986859856600627
2   iPhone X  0.0982209988471313
************************ Raw Data ************************
src_data       Devices        Sum of % iOS
0   iPhone 8   0.172886842899513
1  iPhone XR  0.0986859856600627
2   iPhone X  0.0982209988471313
trg_data       devices sum_of_ios
0   iPhone 8    0.17289
1  iPhone XR    0.17289
************************ Data Treated after replacing Nan to NULL ************************
src_data       Devices        Sum of % iOS
0   iPhone 8   0.172886842899513
1  iPhone XR  0.0986859856600627
2   iPhone X  0.0982209988471313
trg_data       devices sum_of_ios
0   iPhone 8    0.17289
1  iPhone XR    0.17289
Devices         object
Sum of % iOS    object
dtype: object
devices       object
sum_of_ios    object
dtype: object
************************ Both the data is been converted to string ************************
Devices         object
Sum of % iOS    object
dtype: object
devices       object
sum_of_ios    object
dtype: object
src_data       Devices        Sum of % iOS
0   iPhone 8   0.172886842899513
1  iPhone XR  0.0986859856600627
2   iPhone X  0.0982209988471313
TRg data       devices sum_of_ios
0   iPhone 8    0.17289
1  iPhone XR    0.17289
*****Try*****
3
2
False
axissrcdata       devices          sum_of_ios
0   iPhone 8   0.172886842899513
1  iPhone XR  0.0986859856600627
2   iPhone X  0.0982209988471313
src_unique --&gt; ['devices', 'sum_of_ios']
devices
trg_unique --&gt; ['devices', 'sum_of_ios']
trg_unique --&gt; devices
rc   devices       3
sum_of_ios    3
dtype: int64 &lt;class 'pandas.core.series.Series'&gt;
devices
src_unique  devices
src_unique  devices
trg_unique  devices
sorteds       devices          sum_of_ios
0   iPhone 8   0.172886842899513
1   iPhone X  0.0982209988471313
2  iPhone XR  0.0986859856600627
sortedt       devices sum_of_ios
0   iPhone 8    0.17289
1  iPhone XR    0.17289
src_datanot      devices          sum_of_ios
1  iPhone X  0.0982209988471313
df_src_unique      devices          sum_of_ios
0  iPhone X  0.0982209988471313
df_trg_unique  Empty DataFrame
Columns: [devices, sum_of_ios]
Index: []
df_match  0    False
1    False
0    False
1    False
dtype: bool
df_match  Empty DataFrame
Columns: [devices, sum_of_ios]
Index: []
df_all        Source                         Target           
     devices          sum_of_ios    devices sum_of_ios
0   iPhone 8   0.172886842899513   iPhone 8    0.17289
1  iPhone XR  0.0986859856600627  iPhone XR    0.17289
df_final       devices                     sum_of_ios         
      Source     Target              Source   Target
0   iPhone 8   iPhone 8   0.172886842899513  0.17289
1  iPhone XR  iPhone XR  0.0986859856600627  0.17289
df_unmatch              devices          sum_of_ios
0 Source   iPhone 8   0.172886842899513
  Target   iPhone 8             0.17289
1 Source  iPhone XR  0.0986859856600627
  Target  iPhone XR             0.17289
Mismatch_Top 3 iOS Devices.xlsx
C:\Users\Sumam.Selvin\Downloads\Mismatch_Top 3 iOS Devices.xlsx
1
0
True {'execstatus': False, 'source_record_count': 3, 'target_record_count': 2, 'record_count_status': False, 'matched_row_status': False, 'matched_row_count': 0, 'unmatched_row_status': False, 'unmatched_rows':             devices          sum_of_ios
0 Source   iPhone 8   0.172886842899513
  Target   iPhone 8             0.17289
1 Source  iPhone XR  0.0986859856600627
  Target  iPhone XR             0.17289, 'unmatched_row_count': 2, 'uniquesource_row_status': False, 'uniquesource_rows':     devices          sum_of_ios
0  iPhone X  0.0982209988471313, 'uniquesource_row_count': 1, 'uniquetarget_row_status': True, 'uniquetarget_rows': Empty DataFrame
Columns: [devices, sum_of_ios]
Index: [], 'uniquetarget_row_count': 0, 'errmsg': ''}</msg>
<msg timestamp="20220519 15:53:09.706" level="INFO">C:\Users\Sumam.Selvin\AppData\Local\Programs\Python\Python310\lib\site-packages\pandas\io\sql.py:761: UserWarning: pandas only support SQLAlchemy connectable(engine/connection) ordatabase string URI or sqlite3 DBAPI2 connectionother DBAPI2 objects are not tested, please consider using SQLAlchemy
  warnings.warn(</msg>
<status status="PASS" starttime="20220519 15:53:08.140" endtime="20220519 15:53:09.707"/>
</kw>
<status status="PASS" starttime="20220519 15:51:57.512" endtime="20220519 15:53:09.708"/>
</test>
<status status="PASS" starttime="20220519 15:51:52.191" endtime="20220519 15:53:09.711"/>
</suite>
<statistics>
<total>
<stat pass="1" fail="0" skip="0">All Tests</stat>
</total>
<tag>
</tag>
<suite>
<stat pass="1" fail="0" skip="0" id="s1" name="BI DB Validation">BI DB Validation</stat>
</suite>
</statistics>
<errors>
</errors>
</robot>
