<?xml version="1.0" encoding="UTF-8"?>
<robot generator="Robot 6.1.1 (Python 3.7.9 on win32)" generated="20241106 15:01:14.251" rpa="false" schemaversion="4">
<suite id="s1" name="BI DB Validation" source="C:\Users\Sumam.Selvin\OneDrive - EY\Documents\Automation\Power_BI_Validation - SSS\Test\Scripts\BI_DB_Validation.robot">
<test id="s1-t1" name="Top 3 iOS Devices" line="17">
<kw name="Open URL" library="web">
<arg>https://app.powerbi.com/groups/me/reports/414cd51e-932c-4d76-855d-d1af415bea10/ReportSectionfe07d9e3c3e6aa7b9e98?ctid=5b973f99-77df-4beb-b27d-aa0c70b8482c</arg>
<arg>Top 3 iOS Devices</arg>
<doc>This test case is to locate the chart element</doc>
<kw name="Convert To String" library="BuiltIn">
<var>${Chart_Element}</var>
<arg>${Chart_Element}</arg>
<doc>Converts the given item to a Unicode string.</doc>
<msg timestamp="20241106 15:01:15.961" level="INFO">${Chart_Element} = Top 3 iOS Devices</msg>
<status status="PASS" starttime="20241106 15:01:15.961" endtime="20241106 15:01:15.961"/>
</kw>
<kw name="Catenate" library="BuiltIn">
<var>${BI_File_Name}</var>
<arg>${Chart_Element}.xlsx</arg>
<doc>Catenates the given items together and returns the resulted string.</doc>
<msg timestamp="20241106 15:01:15.961" level="INFO">${BI_File_Name} = Top 3 iOS Devices.xlsx</msg>
<status status="PASS" starttime="20241106 15:01:15.961" endtime="20241106 15:01:15.961"/>
</kw>
<kw name="Log To Console" library="BuiltIn">
<arg>${BI_File_Name}</arg>
<doc>Logs the given message to the console.</doc>
<status status="PASS" starttime="20241106 15:01:15.961" endtime="20241106 15:01:15.961"/>
</kw>
<kw name="Catenate" library="BuiltIn">
<var>${File_Path}</var>
<arg>${Download_Path}\\${BI_File_Name}</arg>
<doc>Catenates the given items together and returns the resulted string.</doc>
<msg timestamp="20241106 15:01:15.961" level="INFO">${File_Path} = C:\Users\Sumam.Selvin\Downloads\Top 3 iOS Devices.xlsx</msg>
<status status="PASS" starttime="20241106 15:01:15.961" endtime="20241106 15:01:15.961"/>
</kw>
<kw name="Count Files In Directory" library="OperatingSystem">
<var>${Cnt_File_Bkup}</var>
<arg>${Download_Path}\\Backup</arg>
<arg>${BI_File_Name}</arg>
<doc>Wrapper for `Count Items In Directory` returning only file count.</doc>
<msg timestamp="20241106 15:01:15.967" level="INFO" html="true">Listing contents of directory '&lt;a href="file://C:\Users\Sumam.Selvin\Downloads\Backup"&gt;C:\Users\Sumam.Selvin\Downloads\Backup&lt;/a&gt;'.</msg>
<msg timestamp="20241106 15:01:15.968" level="INFO">1 file.</msg>
<msg timestamp="20241106 15:01:15.968" level="INFO">${Cnt_File_Bkup} = 1</msg>
<status status="PASS" starttime="20241106 15:01:15.961" endtime="20241106 15:01:15.968"/>
</kw>
<kw name="Sleep" library="BuiltIn">
<arg>2s</arg>
<doc>Pauses the test executed for the given time.</doc>
<msg timestamp="20241106 15:01:17.986" level="INFO">Slept 2 seconds</msg>
<status status="PASS" starttime="20241106 15:01:15.969" endtime="20241106 15:01:17.986"/>
</kw>
<kw name="Log To Console" library="BuiltIn">
<arg>${Cnt_File_Bkup}</arg>
<doc>Logs the given message to the console.</doc>
<status status="PASS" starttime="20241106 15:01:17.986" endtime="20241106 15:01:17.986"/>
</kw>
<kw name="Run Keyword If" library="BuiltIn">
<arg>${Cnt_File_Bkup} == 1</arg>
<arg>remove file</arg>
<arg>${Download_Path}\\Backup\\${BI_File_Name}</arg>
<doc>Runs the given keyword with the given arguments, if ``condition`` is true.</doc>
<kw name="Remove File" library="OperatingSystem">
<arg>${Download_Path}\\Backup\\${BI_File_Name}</arg>
<doc>Removes a file with the given path.</doc>
<msg timestamp="20241106 15:01:17.987" level="INFO" html="true">Removed file '&lt;a href="file://C:\Users\Sumam.Selvin\Downloads\Backup\Top 3 iOS Devices.xlsx"&gt;C:\Users\Sumam.Selvin\Downloads\Backup\Top 3 iOS Devices.xlsx&lt;/a&gt;'.</msg>
<status status="PASS" starttime="20241106 15:01:17.987" endtime="20241106 15:01:17.989"/>
</kw>
<status status="PASS" starttime="20241106 15:01:17.987" endtime="20241106 15:01:17.989"/>
</kw>
<kw name="Sleep" library="BuiltIn">
<arg>2s</arg>
<doc>Pauses the test executed for the given time.</doc>
<msg timestamp="20241106 15:01:20.005" level="INFO">Slept 2 seconds</msg>
<status status="PASS" starttime="20241106 15:01:17.989" endtime="20241106 15:01:20.005"/>
</kw>
<kw name="Count Files In Directory" library="OperatingSystem">
<var>${File_Exist}</var>
<arg>${Download_Path}</arg>
<arg>${BI_File_Name}</arg>
<doc>Wrapper for `Count Items In Directory` returning only file count.</doc>
<msg timestamp="20241106 15:01:20.005" level="INFO" html="true">Listing contents of directory '&lt;a href="file://C:\Users\Sumam.Selvin\Downloads"&gt;C:\Users\Sumam.Selvin\Downloads&lt;/a&gt;'.</msg>
<msg timestamp="20241106 15:01:20.005" level="INFO">1 file.</msg>
<msg timestamp="20241106 15:01:20.005" level="INFO">${File_Exist} = 1</msg>
<status status="PASS" starttime="20241106 15:01:20.005" endtime="20241106 15:01:20.005"/>
</kw>
<kw name="Sleep" library="BuiltIn">
<arg>2s</arg>
<doc>Pauses the test executed for the given time.</doc>
<msg timestamp="20241106 15:01:22.010" level="INFO">Slept 2 seconds</msg>
<status status="PASS" starttime="20241106 15:01:20.005" endtime="20241106 15:01:22.010"/>
</kw>
<kw name="Run Keyword If" library="BuiltIn">
<arg>${File_Exist} == 1</arg>
<arg>move file</arg>
<arg>${File_Path}</arg>
<arg>${Download_Path}\\Backup</arg>
<arg>ELSE</arg>
<arg>no operation</arg>
<doc>Runs the given keyword with the given arguments, if ``condition`` is true.</doc>
<kw name="Move File" library="OperatingSystem">
<arg>${File_Path}</arg>
<arg>${Download_Path}\\Backup</arg>
<doc>Moves the source file into the destination.</doc>
<msg timestamp="20241106 15:01:22.013" level="INFO" html="true">Moved file from '&lt;a href="file://C:\Users\Sumam.Selvin\Downloads\Top 3 iOS Devices.xlsx"&gt;C:\Users\Sumam.Selvin\Downloads\Top 3 iOS Devices.xlsx&lt;/a&gt;' to '&lt;a href="file://C:\Users\Sumam.Selvin\Downloads\Backup\Top 3 iOS Devices.xlsx"&gt;C:\Users\Sumam.Selvin\Downloads\Backup\Top 3 iOS Devices.xlsx&lt;/a&gt;'.</msg>
<status status="PASS" starttime="20241106 15:01:22.010" endtime="20241106 15:01:22.013"/>
</kw>
<status status="PASS" starttime="20241106 15:01:22.010" endtime="20241106 15:01:22.013"/>
</kw>
<kw name="Open Browser" library="SeleniumLibrary">
<arg>${url}</arg>
<arg>edge</arg>
<doc>Opens a new browser instance to the optional ``url``.</doc>
<msg timestamp="20241106 15:01:22.014" level="INFO">Opening browser 'edge' to base url 'https://app.powerbi.com/groups/me/reports/414cd51e-932c-4d76-855d-d1af415bea10/ReportSectionfe07d9e3c3e6aa7b9e98?ctid=5b973f99-77df-4beb-b27d-aa0c70b8482c'.</msg>
<status status="PASS" starttime="20241106 15:01:22.014" endtime="20241106 15:01:25.729"/>
</kw>
<status status="PASS" starttime="20241106 15:01:15.961" endtime="20241106 15:01:25.730"/>
</kw>
<kw name="Navigate to the Chart" library="web">
<arg>Top 3 iOS Devices</arg>
<kw name="Wait Until Page Contains" library="SeleniumLibrary">
<arg>${Chart_Element}</arg>
<arg>50</arg>
<doc>Waits until ``text`` appears on the current page.</doc>
<status status="PASS" starttime="20241106 15:01:25.731" endtime="20241106 15:01:48.954"/>
</kw>
<kw name="Click Element" library="SeleniumLibrary">
<arg>//div[@title='${Chart_Element}']</arg>
<doc>Click the element identified by ``locator``.</doc>
<msg timestamp="20241106 15:01:48.957" level="INFO">Clicking element '//div[@title='Top 3 iOS Devices']'.</msg>
<status status="PASS" starttime="20241106 15:01:48.954" endtime="20241106 15:01:49.434"/>
</kw>
<status status="PASS" starttime="20241106 15:01:25.730" endtime="20241106 15:01:49.434"/>
</kw>
<kw name="Export Data from the Chart(Csv/Xl)" library="web">
<arg>XL</arg>
<kw name="Set Variable If" library="BuiltIn">
<var>${Chart_Format_Type1}</var>
<arg>'${Chart_Format_Type}' == 'XL'</arg>
<arg>.xlsx (Excel 150,000-row max)</arg>
<arg>.csv (30,000-row max)</arg>
<doc>Sets variable based on the given condition.</doc>
<msg timestamp="20241106 15:01:49.434" level="INFO">${Chart_Format_Type1} = .xlsx (Excel 150,000-row max)</msg>
<status status="PASS" starttime="20241106 15:01:49.434" endtime="20241106 15:01:49.434"/>
</kw>
<kw name="Log To Console" library="BuiltIn">
<arg>${Chart_Format_Type1}</arg>
<doc>Logs the given message to the console.</doc>
<status status="PASS" starttime="20241106 15:01:49.434" endtime="20241106 15:01:49.438"/>
</kw>
<kw name="Click Element" library="SeleniumLibrary">
<arg>//button[@aria-label='More options']</arg>
<doc>Click the element identified by ``locator``.</doc>
<msg timestamp="20241106 15:01:49.439" level="INFO">Clicking element '//button[@aria-label='More options']'.</msg>
<status status="PASS" starttime="20241106 15:01:49.439" endtime="20241106 15:01:49.633"/>
</kw>
<kw name="Click Element" library="SeleniumLibrary">
<arg>//button[@title='Export data']</arg>
<doc>Click the element identified by ``locator``.</doc>
<msg timestamp="20241106 15:01:49.635" level="INFO">Clicking element '//button[@title='Export data']'.</msg>
<status status="PASS" starttime="20241106 15:01:49.633" endtime="20241106 15:01:49.892"/>
</kw>
<kw name="Sleep" library="BuiltIn">
<arg>10s</arg>
<doc>Pauses the test executed for the given time.</doc>
<msg timestamp="20241106 15:01:59.894" level="INFO">Slept 10 seconds</msg>
<status status="PASS" starttime="20241106 15:01:49.892" endtime="20241106 15:01:59.894"/>
</kw>
<kw name="Click Element" library="SeleniumLibrary">
<arg>//button[@class="popout-button themeableElement ng-star-inserted"]</arg>
<doc>Click the element identified by ``locator``.</doc>
<msg timestamp="20241106 15:01:59.895" level="INFO">Clicking element '//button[@class="popout-button themeableElement ng-star-inserted"]'.</msg>
<status status="PASS" starttime="20241106 15:01:59.894" endtime="20241106 15:02:00.064"/>
</kw>
<kw name="Sleep" library="BuiltIn">
<arg>10s</arg>
<doc>Pauses the test executed for the given time.</doc>
<msg timestamp="20241106 15:02:10.079" level="INFO">Slept 10 seconds</msg>
<status status="PASS" starttime="20241106 15:02:00.064" endtime="20241106 15:02:10.079"/>
</kw>
<kw name="Click Element" library="SeleniumLibrary">
<arg>xpath: //*[contains(., "${Chart_Format_Type1}")]</arg>
<doc>Click the element identified by ``locator``.</doc>
<msg timestamp="20241106 15:02:10.081" level="INFO">Clicking element 'xpath: //*[contains(., ".xlsx (Excel 150,000-row max)")]'.</msg>
<status status="PASS" starttime="20241106 15:02:10.079" endtime="20241106 15:02:10.199"/>
</kw>
<kw name="Sleep" library="BuiltIn">
<arg>10s</arg>
<doc>Pauses the test executed for the given time.</doc>
<msg timestamp="20241106 15:02:20.204" level="INFO">Slept 10 seconds</msg>
<status status="PASS" starttime="20241106 15:02:10.199" endtime="20241106 15:02:20.204"/>
</kw>
<kw name="Get WebElement" library="SeleniumLibrary">
<var>${ele}</var>
<arg>//button[@localize="ModalDialogButtonText_Export"]</arg>
<doc>Returns the first WebElement matching the given ``locator``.</doc>
<msg timestamp="20241106 15:02:20.220" level="INFO">${ele} = &lt;selenium.webdriver.remote.webelement.WebElement (session="c95b54c39850087690540e8e4b824fd1", element="f.F2FD367D6E73429F19E7DCD5A5B3B057.d.5B4C35E089AF4F578195D47713CAE322.e.224")&gt;</msg>
<status status="PASS" starttime="20241106 15:02:20.204" endtime="20241106 15:02:20.220"/>
</kw>
<kw name="Execute Javascript" library="SeleniumLibrary">
<arg>arguments[0].click();</arg>
<arg>ARGUMENTS</arg>
<arg>${ele}</arg>
<doc>Executes the given JavaScript code with possible arguments.</doc>
<msg timestamp="20241106 15:02:20.220" level="INFO">Executing JavaScript:
arguments[0].click();
By using argument:
'&lt;selenium.webdriver.remote.webelement.WebElement (session="c95b54c39850087690540e8e4b824fd1", element="f.F2FD367D6E73429F19E7DCD5A5B3B057.d.5B4C35E089AF4F578195D47713CAE322.e.224")&gt;'</msg>
<status status="PASS" starttime="20241106 15:02:20.220" endtime="20241106 15:02:20.253"/>
</kw>
<kw name="Sleep" library="BuiltIn">
<arg>10s</arg>
<doc>Pauses the test executed for the given time.</doc>
<msg timestamp="20241106 15:02:30.256" level="INFO">Slept 10 seconds</msg>
<status status="PASS" starttime="20241106 15:02:20.253" endtime="20241106 15:02:30.256"/>
</kw>
<kw name="Close Browser" library="SeleniumLibrary">
<doc>Closes the current browser.</doc>
<status status="PASS" starttime="20241106 15:02:30.257" endtime="20241106 15:02:32.554"/>
</kw>
<status status="PASS" starttime="20241106 15:01:49.434" endtime="20241106 15:02:32.554"/>
</kw>
<kw name="Comparison PowerBI With DB" library="Validate">
<arg>select "Devices", "Sum_of_iOS" from top_ios_device</arg>
<arg>Top 3 iOS Devices.xlsx</arg>
<msg timestamp="20241106 15:02:32.915" level="INFO">C:\Users\Sumam.Selvin\Downloads\Python_Input.txt
hostname  localhost
  Applied filters:\nDevices top 3 by Count\nDevice_Type is iOS          Unnamed: 1
0                                                                                 
1                                            Devices                  Sum of % iOS
2                                           iPhone 8             0.172886842899513
3                                          iPhone XR            0.0986859856600627
4                                           iPhone X            0.0982209988471313
************************ Raw Data ************************
src_data    Applied filters:\nDevices top 3 by Count\nDevice_Type is iOS          Unnamed: 1
0                                                                                 
1                                            Devices                  Sum of % iOS
2                                           iPhone 8             0.172886842899513
3                                          iPhone XR            0.0986859856600627
4                                           iPhone X            0.0982209988471313
trg_data       Devices          Sum_of_iOS
0   iPhone 8                17.9
1   iPhone 9                 0.2
2  iPhone 10                0.33
3   iPhone X  0.0982209988471313
4  iPhone XR                0.09
************************ Data Treated after replacing Nan to NULL ************************
src_data    Applied filters:\nDevices top 3 by Count\nDevice_Type is iOS          Unnamed: 1
0                                                                                 
1                                            Devices                  Sum of % iOS
2                                           iPhone 8             0.172886842899513
3                                          iPhone XR            0.0986859856600627
4                                           iPhone X            0.0982209988471313
trg_data       Devices          Sum_of_iOS
0   iPhone 8                17.9
1   iPhone 9                 0.2
2  iPhone 10                0.33
3   iPhone X  0.0982209988471313
4  iPhone XR                0.09
Applied filters:\nDevices top 3 by Count\nDevice_Type is iOS    object
Unnamed: 1                                                      object
dtype: object
Devices       object
Sum_of_iOS    object
dtype: object
************************ Both the data is been converted to string ************************
Applied filters:\nDevices top 3 by Count\nDevice_Type is iOS    object
Unnamed: 1                                                      object
dtype: object
Devices       object
Sum_of_iOS    object
dtype: object
src_data    Applied filters:\nDevices top 3 by Count\nDevice_Type is iOS          Unnamed: 1
0                                                                                 
1                                            Devices                  Sum of % iOS
2                                           iPhone 8             0.172886842899513
3                                          iPhone XR            0.0986859856600627
4                                           iPhone X            0.0982209988471313
TRg data       Devices          Sum_of_iOS
0   iPhone 8                17.9
1   iPhone 9                 0.2
2  iPhone 10                0.33
3   iPhone X  0.0982209988471313
4  iPhone XR                0.09
*****Try*****
source_record_count  5
target_record_count  5
status_count  True
axissrcdata       Devices          Sum_of_iOS
0                               
1    Devices        Sum of % iOS
2   iPhone 8   0.172886842899513
3  iPhone XR  0.0986859856600627
4   iPhone X  0.0982209988471313
src_unique --&gt; ['Devices', 'Sum_of_iOS']
Devices
trg_unique --&gt; ['Devices', 'Sum_of_iOS']
trg_unique --&gt; Devices
rc   Devices       5
Sum_of_iOS    5
dtype: int64 &lt;class 'pandas.core.series.Series'&gt;
Devices
src_unique  Devices
src_unique  Devices
trg_unique  Devices
sorteds       Devices          Sum_of_iOS
0                               
1    Devices        Sum of % iOS
2   iPhone 8   0.172886842899513
3   iPhone X  0.0982209988471313
4  iPhone XR  0.0986859856600627
sortedt       Devices          Sum_of_iOS
0  iPhone 10                0.33
1   iPhone 8                17.9
2   iPhone 9                 0.2
3   iPhone X  0.0982209988471313
4  iPhone XR                0.09
src_datanot       Devices    Sum_of_iOS
0                         
1    Devices  Sum of % iOS
0  iPhone 10          0.33
2   iPhone 9           0.2
df_src_unique     Devices    Sum_of_iOS
0                       
1  Devices  Sum of % iOS
df_copy     Devices  Sum_of_iOS
0      NaN         NaN
1      NaN         NaN
src_extra      Source                Target           
   Devices    Sum_of_iOS Devices Sum_of_iOS
0                            NaN        NaN
1  Devices  Sum of % iOS     NaN        NaN
df_trg_unique       Devices Sum_of_iOS
0  iPhone 10       0.33
1   iPhone 9        0.2
tgt_extra     Source                Target           
  Devices Sum_of_iOS    Devices Sum_of_iOS
0     NaN        NaN  iPhone 10       0.33
1     NaN        NaN   iPhone 9        0.2
extra_res      Source                   Target           
   Devices    Sum_of_iOS    Devices Sum_of_iOS
0                               NaN        NaN
1  Devices  Sum of % iOS        NaN        NaN
2      NaN           NaN  iPhone 10       0.33
3      NaN           NaN   iPhone 9        0.2
e_df_final     Devices               Sum_of_iOS       
    Source     Target        Source Target
0                 NaN                  NaN
1  Devices        NaN  Sum of % iOS    NaN
2      NaN  iPhone 10           NaN   0.33
3      NaN   iPhone 9           NaN    0.2
e_df_unmatch              Devices    Sum_of_iOS
0 Source                         
1 Source    Devices  Sum of % iOS
2 Target  iPhone 10          0.33
3 Target   iPhone 9           0.2
src_data1       Devices          Sum_of_iOS
0   iPhone 8   0.172886842899513
1   iPhone X  0.0982209988471313
2  iPhone XR  0.0986859856600627
trg_data1       Devices          Sum_of_iOS
0   iPhone 8                17.9
1   iPhone X  0.0982209988471313
2  iPhone XR                0.09
df_match  0    False
1    False
2    False
0    False
1     True
2    False
dtype: bool
df_match      Devices          Sum_of_iOS
1  iPhone X  0.0982209988471313
df_all        Source                         Target                    
     Devices          Sum_of_iOS    Devices          Sum_of_iOS
0   iPhone 8   0.172886842899513   iPhone 8                17.9
1   iPhone X  0.0982209988471313   iPhone X  0.0982209988471313
2  iPhone XR  0.0986859856600627  iPhone XR                0.09
df_final       Devices                     Sum_of_iOS                    
      Source     Target              Source              Target
0   iPhone 8   iPhone 8   0.172886842899513                17.9
1   iPhone X   iPhone X  0.0982209988471313  0.0982209988471313
2  iPhone XR  iPhone XR  0.0986859856600627                0.09
df_unmatch              Devices          Sum_of_iOS
0 Source   iPhone 8   0.172886842899513
  Target   iPhone 8                17.9
2 Source  iPhone XR  0.0986859856600627
  Target  iPhone XR                0.09
fin_res              Devices          Sum_of_iOS
0 Source   iPhone 8   0.172886842899513
  Target   iPhone 8                17.9
2 Source  iPhone XR  0.0986859856600627
  Target  iPhone XR                0.09
0 Source                               
1 Source    Devices        Sum of % iOS
2 Target  iPhone 10                0.33
3 Target   iPhone 9                 0.2
2
2
Mismatch_Top 3 iOS Devices.xlsx
C:\Users\Sumam.Selvin\Downloads\Mismatch_Top 3 iOS Devices.xlsx
True {'execstatus': False, 'source_record_count': 5, 'target_record_count': 5, 'record_count_status': True, 'matched_row_status': False, 'matched_row_count': 1, 'unmatched_row_status': False, 'unmatched_rows':             Devices          Sum_of_iOS
0 Source   iPhone 8   0.172886842899513
  Target   iPhone 8                17.9
2 Source  iPhone XR  0.0986859856600627
  Target  iPhone XR                0.09, 'unmatched_row_count': 2, 'uniquesource_row_status': False, 'uniquesource_rows':    Devices    Sum_of_iOS
0                       
1  Devices  Sum of % iOS, 'uniquesource_row_count': 2, 'uniquetarget_row_status': False, 'uniquetarget_rows':      Devices Sum_of_iOS
0  iPhone 10       0.33
1   iPhone 9        0.2, 'uniquetarget_row_count': 2, 'errmsg': ''}</msg>
<status status="PASS" starttime="20241106 15:02:32.555" endtime="20241106 15:02:32.915"/>
</kw>
<status status="PASS" starttime="20241106 15:01:15.961" endtime="20241106 15:02:32.916"/>
</test>
<status status="PASS" starttime="20241106 15:01:14.253" endtime="20241106 15:02:32.918"/>
</suite>
<statistics>
<total>
<stat pass="1" fail="0" skip="0">All Tests</stat>
</total>
<tag>
</tag>
<suite>
<stat pass="1" fail="0" skip="0" id="s1" name="BI DB Validation">BI DB Validation</stat>
</suite>
</statistics>
<errors>
</errors>
</robot>
